Looking for git in: git
Using git 2.17.1 from git
> git rev-parse --git-dir
Open repository: /home/declan/mtse_catkin/src/MTSE
> git status -z -u
> git symbolic-ref --short HEAD
> git for-each-ref --format=%(refname)%00%(upstream:short)%00%(upstream:track)%00%(objectname) refs/heads/feature/dynamic_purepursuit refs/remotes/feature/dynamic_purepursuit
> git for-each-ref --sort -committerdate --format %(refname) %(objectname) %(*objectname)
> git remote --verbose
> git config --get commit.template
> git check-ignore -v -z --stdin
> git check-ignore -v -z --stdin
> git check-ignore -v -z --stdin
> git check-ignore -v -z --stdin
> git check-ignore -v -z --stdin
> git check-ignore -v -z --stdin
> git check-ignore -v -z --stdin
> git show --textconv :navigation/purepursuit/test/purepursuit_node.test
> git ls-files --stage -- /home/declan/mtse_catkin/src/MTSE/navigation/purepursuit/test/purepursuit_node.test
> git cat-file -s ae2758ab75a155e02f31ef733e56e4cacd679289
> git status -z -u
> git symbolic-ref --short HEAD
> git for-each-ref --format=%(refname)%00%(upstream:short)%00%(upstream:track)%00%(objectname) refs/heads/feature/dynamic_purepursuit refs/remotes/feature/dynamic_purepursuit
> git for-each-ref --sort -committerdate --format %(refname) %(objectname) %(*objectname)
> git remote --verbose
> git config --get commit.template
> git status -z -u
> git symbolic-ref --short HEAD
> git for-each-ref --format=%(refname)%00%(upstream:short)%00%(upstream:track)%00%(objectname) refs/heads/feature/dynamic_purepursuit refs/remotes/feature/dynamic_purepursuit
> git for-each-ref --sort -committerdate --format %(refname) %(objectname) %(*objectname)
> git remote --verbose
> git config --get commit.template
> git status -z -u
> git symbolic-ref --short HEAD
> git for-each-ref --format=%(refname)%00%(upstream:short)%00%(upstream:track)%00%(objectname) refs/heads/feature/dynamic_purepursuit refs/remotes/feature/dynamic_purepursuit
> git for-each-ref --sort -committerdate --format %(refname) %(objectname) %(*objectname)
> git remote --verbose
> git config --get commit.template
